<?xml version="1.0" encoding="UTF-8"?>
<!-- Generated by org.testng.reporters.JUnitXMLReporter -->
<testsuite ignored="0" hostname="intel" failures="0" tests="2" name="Default test(failed)" time="0.257" errors="0" timestamp="2022-02-26T16:42:59 IST">
  <testcase classname="tests.TestNG1" name="@BeforeTest beforeTest" time="-1.645873979364E9">
    <failure type="org.testng.TestNGException" message="
Parameter &amp;apos;browser&amp;apos; is required by BeforeTest on method beforeTest but has not been marked @Optional or defined
in F:\velocity pune\automation , akasha sir\selenium  2nd\class 67 ( 13-2-22 ) { collection practical , git version control ,gethub or bitbucket reposetory  }\git local repository eclips .pdf\Saucedemo_NEW\test-output\Default suite\testng-failed.xml">
      <![CDATA[org.testng.TestNGException: 
Parameter 'browser' is required by BeforeTest on method beforeTest but has not been marked @Optional or defined
in F:\velocity pune\automation , akasha sir\selenium  2nd\class 67 ( 13-2-22 ) { collection practical , git version control ,gethub or bitbucket reposetory  }\git local repository eclips .pdf\Saucedemo_NEW\test-output\Default suite\testng-failed.xml
... Removed 21 stack frames]]>
    </failure>
  </testcase> <!-- @BeforeTest beforeTest -->
  <testcase classname="tests.TestNG1" name="@BeforeClass beforeClass" time="-1.645873979445E9">
    <skipped/>
  </testcase> <!-- @BeforeClass beforeClass -->
  <testcase classname="tests.TestNG1" name="@BeforeMethod beforeMethod" time="-1.645873979488E9">
    <skipped/>
  </testcase> <!-- @BeforeMethod beforeMethod -->
  <testcase classname="tests.TestNG1" name="@AfterMethod logOutFromApllication" time="-1.645873979528E9">
    <skipped/>
  </testcase> <!-- @AfterMethod logOutFromApllication -->
  <testcase classname="tests.TestNG1" name="@BeforeMethod beforeMethod" time="-1.645873979543E9">
    <skipped/>
  </testcase> <!-- @BeforeMethod beforeMethod -->
  <testcase classname="tests.TestNG1" name="@AfterMethod logOutFromApllication" time="-1.645873979571E9">
    <skipped/>
  </testcase> <!-- @AfterMethod logOutFromApllication -->
  <testcase classname="tests.TestNG1" name="@AfterClass closeTab" time="-1.645873979591E9">
    <skipped/>
  </testcase> <!-- @AfterClass closeTab -->
  <testcase classname="tests.TestNG1" name="@AfterTest afterTest" time="-1.645873979601E9">
    <skipped/>
  </testcase> <!-- @AfterTest afterTest -->
  <testcase classname="tests.TestNG1" name="test2" time="0.0">
    <skipped/>
  </testcase> <!-- test2 -->
  <testcase classname="tests.TestNG1" name="test1" time="0.0">
    <skipped/>
  </testcase> <!-- test1 -->
</testsuite> <!-- Default test(failed) -->
