<?xml version="1.0" encoding="UTF-8"?>
<!-- Generated by org.testng.reporters.JUnitXMLReporter -->
<testsuite ignored="0" hostname="intel" failures="0" tests="2" name="Default test" time="0.087" errors="0" timestamp="2022-02-19T11:20:11 IST">
  <testcase classname="tests.TestNG1" name="@BeforeTest beforeTest" time="-1.645249811525E9">
    <failure type="org.testng.TestNGException" message="
Parameter &amp;apos;browser&amp;apos; is required by BeforeTest on method beforeTest but has not been marked @Optional or defined
in C:\Users\eblog\AppData\Local\Temp\testng-eclipse-590712110\testng-customsuite.xml">
      <![CDATA[org.testng.TestNGException: 
Parameter 'browser' is required by BeforeTest on method beforeTest but has not been marked @Optional or defined
in C:\Users\eblog\AppData\Local\Temp\testng-eclipse-590712110\testng-customsuite.xml
at org.testng.internal.Parameters.createParams(Parameters.java:270)
at org.testng.internal.Parameters.createParametersForMethod(Parameters.java:358)
at org.testng.internal.Parameters.createParameters(Parameters.java:700)
at org.testng.internal.Parameters.createConfigurationParameters(Parameters.java:168)
at org.testng.internal.ConfigInvoker.invokeConfigurations(ConfigInvoker.java:302)
at org.testng.TestRunner.invokeTestConfigurations(TestRunner.java:637)
at org.testng.TestRunner.beforeRun(TestRunner.java:627)
at org.testng.TestRunner.run(TestRunner.java:589)
at org.testng.SuiteRunner.runTest(SuiteRunner.java:377)
at org.testng.SuiteRunner.runSequentially(SuiteRunner.java:371)
at org.testng.SuiteRunner.privateRun(SuiteRunner.java:332)
at org.testng.SuiteRunner.run(SuiteRunner.java:276)
at org.testng.SuiteRunnerWorker.runSuite(SuiteRunnerWorker.java:53)
at org.testng.SuiteRunnerWorker.run(SuiteRunnerWorker.java:96)
at org.testng.TestNG.runSuitesSequentially(TestNG.java:1212)
at org.testng.TestNG.runSuitesLocally(TestNG.java:1134)
at org.testng.TestNG.runSuites(TestNG.java:1063)
at org.testng.TestNG.run(TestNG.java:1031)
at org.testng.remote.AbstractRemoteTestNG.run(AbstractRemoteTestNG.java:115)
at org.testng.remote.RemoteTestNG.initAndRun(RemoteTestNG.java:251)
at org.testng.remote.RemoteTestNG.main(RemoteTestNG.java:77)
]]>
    </failure>
  </testcase> <!-- @BeforeTest beforeTest -->
  <testcase classname="tests.TestNG1" name="@BeforeClass beforeClass" time="-1.645249811556E9">
    <skipped/>
  </testcase> <!-- @BeforeClass beforeClass -->
  <testcase classname="tests.TestNG1" name="@BeforeMethod beforeMethod" time="-1.645249811572E9">
    <skipped/>
  </testcase> <!-- @BeforeMethod beforeMethod -->
  <testcase classname="tests.TestNG1" name="@AfterMethod logOutFromApllication" time="-1.645249811584E9">
    <skipped/>
  </testcase> <!-- @AfterMethod logOutFromApllication -->
  <testcase classname="tests.TestNG1" name="@BeforeMethod beforeMethod" time="-1.645249811589E9">
    <skipped/>
  </testcase> <!-- @BeforeMethod beforeMethod -->
  <testcase classname="tests.TestNG1" name="@AfterMethod logOutFromApllication" time="-1.645249811596E9">
    <skipped/>
  </testcase> <!-- @AfterMethod logOutFromApllication -->
  <testcase classname="tests.TestNG1" name="@AfterClass closeTab" time="-1.645249811599E9">
    <skipped/>
  </testcase> <!-- @AfterClass closeTab -->
  <testcase classname="tests.TestNG1" name="@AfterTest afterTest" time="-1.645249811604E9">
    <skipped/>
  </testcase> <!-- @AfterTest afterTest -->
  <testcase classname="tests.TestNG1" name="test1 on [TestNG1 passed=0 failed=0 skipped=0]" time="0.0">
    <skipped/>
  </testcase> <!-- test1 on [TestNG1 passed=0 failed=0 skipped=0] -->
  <testcase classname="tests.TestNG1" name="test2 on [TestNG1 passed=0 failed=0 skipped=0]" time="0.0">
    <skipped/>
  </testcase> <!-- test2 on [TestNG1 passed=0 failed=0 skipped=0] -->
</testsuite> <!-- Default test -->
